<?xml version="1.0" encoding="UTF-8"?>
<!-- Generated by org.testng.reporters.JUnitReportReporter -->
<testsuite hostname="Rohit_11" failures="0" tests="2" name="day1" time="0.018" errors="0" timestamp="2025-04-30T09:19:17 IST" skipped="0">
  <testcase classname="day1" name="demosecond" time="0.006"/>
  <system-out/>
  <testcase classname="day1" name="demo" time="0.012"/>
  <system-out/>
</testsuite> <!-- day1 -->
