<?xml version="1.0" encoding="UTF-8"?>
<!-- Generated by org.testng.reporters.JUnitReportReporter -->
<testsuite hostname="Rohit_11" failures="0" tests="5" name="test.day4" time="0.022" errors="0" timestamp="2025-05-01T17:47:20 IST" skipped="1">
  <testcase classname="test.day4" name="APILoginHomeLoan" time="0.002"/>
  <system-out/>
  <testcase classname="test.day4" name="MobileLogoutHomeLoan" time="0.009"/>
  <system-out/>
  <testcase classname="test.day4" name="MobileSignInHomeLoan" time="0.007"/>
  <system-out/>
  <testcase classname="test.day4" name="WebLoginHomeLoan" time="0.004"/>
  <system-out/>
  <testcase classname="test.day4" name="MobileLoginHomeLoan">
    <skipped/>
  </testcase> <!-- MobileLoginHomeLoan -->
  <system-out/>
</testsuite> <!-- test.day4 -->
