<?xml version="1.0" encoding="UTF-8"?>
<!-- Generated by org.testng.reporters.JUnitReportReporter -->
<testsuite hostname="Rohit_11" failures="0" tests="3" name="test.day5" time="0.015" errors="0" timestamp="2025-05-02T09:12:57 IST" skipped="0">
  <testcase classname="test.day5" name="datausingtest" time="0.005"/>
  <system-out/>
  <testcase classname="test.day5" name="datausingtest" time="0.002"/>
  <system-out/>
  <testcase classname="test.day5" name="datausingtest" time="0.008"/>
  <system-out/>
</testsuite> <!-- test.day5 -->
