<?xml version="1.0" encoding="UTF-8"?>
<!-- Generated by org.testng.reporters.JUnitReportReporter -->
<testsuite hostname="Rohit_11" failures="0" tests="2" name="test.ps1" time="0.012" errors="0" timestamp="2025-05-03T12:25:30 IST" skipped="0">
  <testcase classname="test.ps1" name="doThis" time="0.001"/>
  <system-out/>
  <testcase classname="test.ps1" name="demo1" time="0.011"/>
  <system-out/>
</testsuite> <!-- test.ps1 -->
