<?xml version="1.0" encoding="UTF-8"?>
<!-- Generated by org.testng.reporters.JUnitReportReporter -->
<testsuite hostname="Rohit_11" failures="0" tests="3" name="test.day3" time="0.010" errors="0" timestamp="2025-05-01T17:47:20 IST" skipped="0">
  <testcase classname="test.day3" name="MobileLogincarLoan" time="0.004"/>
  <system-out/>
  <testcase classname="test.day3" name="APILogincarLoan" time="0.002"/>
  <system-out/>
  <testcase classname="test.day3" name="WebLogincarLoan" time="0.004"/>
  <system-out/>
</testsuite> <!-- test.day3 -->
